CRITICAL - 2022-06-08 11:38:28 --> Call to undefined method CodeIgniter\View\View::view()
#0 /opt/lampp/htdocs/proyectos/challenge_onmedia/system/View/View.php(210): include()
#1 /opt/lampp/htdocs/proyectos/challenge_onmedia/system/View/View.php(213): CodeIgniter\View\View->CodeIgniter\View\{closure}()
#2 /opt/lampp/htdocs/proyectos/challenge_onmedia/system/Common.php(1089): CodeIgniter\View\View->render()
#3 /opt/lampp/htdocs/proyectos/challenge_onmedia/app/Controllers/Home.php(38): view()
#4 /opt/lampp/htdocs/proyectos/challenge_onmedia/system/CodeIgniter.php(832): App\Controllers\Home->index()
#5 /opt/lampp/htdocs/proyectos/challenge_onmedia/system/CodeIgniter.php(419): CodeIgniter\CodeIgniter->runController()
#6 /opt/lampp/htdocs/proyectos/challenge_onmedia/system/CodeIgniter.php(326): CodeIgniter\CodeIgniter->handleRequest()
#7 /opt/lampp/htdocs/proyectos/challenge_onmedia/public/index.php(37): CodeIgniter\CodeIgniter->run()
#8 /opt/lampp/htdocs/proyectos/challenge_onmedia/system/Commands/Server/rewrite.php(43): require_once('/opt/lampp/htdo...')
#9 {main}
CRITICAL - 2022-06-08 11:38:44 --> Argument 2 passed to view() must be of the type array, object given, called in /opt/lampp/htdocs/proyectos/challenge_onmedia/app/Views/catalog.php on line 13
#0 /opt/lampp/htdocs/proyectos/challenge_onmedia/app/Views/catalog.php(13): view()
#1 /opt/lampp/htdocs/proyectos/challenge_onmedia/system/View/View.php(210): include('/opt/lampp/htdo...')
#2 /opt/lampp/htdocs/proyectos/challenge_onmedia/system/View/View.php(213): CodeIgniter\View\View->CodeIgniter\View\{closure}()
#3 /opt/lampp/htdocs/proyectos/challenge_onmedia/system/Common.php(1089): CodeIgniter\View\View->render()
#4 /opt/lampp/htdocs/proyectos/challenge_onmedia/app/Controllers/Home.php(38): view()
#5 /opt/lampp/htdocs/proyectos/challenge_onmedia/system/CodeIgniter.php(832): App\Controllers\Home->index()
#6 /opt/lampp/htdocs/proyectos/challenge_onmedia/system/CodeIgniter.php(419): CodeIgniter\CodeIgniter->runController()
#7 /opt/lampp/htdocs/proyectos/challenge_onmedia/system/CodeIgniter.php(326): CodeIgniter\CodeIgniter->handleRequest()
#8 /opt/lampp/htdocs/proyectos/challenge_onmedia/public/index.php(37): CodeIgniter\CodeIgniter->run()
#9 /opt/lampp/htdocs/proyectos/challenge_onmedia/system/Commands/Server/rewrite.php(43): require_once('/opt/lampp/htdo...')
#10 {main}
CRITICAL - 2022-06-08 11:39:56 --> Undefined variable: character
#0 /opt/lampp/htdocs/proyectos/challenge_onmedia/app/Views/components/character_card.php(1): CodeIgniter\Debug\Exceptions->errorHandler()
#1 /opt/lampp/htdocs/proyectos/challenge_onmedia/system/View/View.php(210): include('/opt/lampp/htdo...')
#2 /opt/lampp/htdocs/proyectos/challenge_onmedia/system/View/View.php(213): CodeIgniter\View\View->CodeIgniter\View\{closure}()
#3 /opt/lampp/htdocs/proyectos/challenge_onmedia/system/Common.php(1089): CodeIgniter\View\View->render()
#4 /opt/lampp/htdocs/proyectos/challenge_onmedia/app/Views/catalog.php(13): view()
#5 /opt/lampp/htdocs/proyectos/challenge_onmedia/system/View/View.php(210): include('/opt/lampp/htdo...')
#6 /opt/lampp/htdocs/proyectos/challenge_onmedia/system/View/View.php(213): CodeIgniter\View\View->CodeIgniter\View\{closure}()
#7 /opt/lampp/htdocs/proyectos/challenge_onmedia/system/Common.php(1089): CodeIgniter\View\View->render()
#8 /opt/lampp/htdocs/proyectos/challenge_onmedia/app/Controllers/Home.php(38): view()
#9 /opt/lampp/htdocs/proyectos/challenge_onmedia/system/CodeIgniter.php(832): App\Controllers\Home->index()
#10 /opt/lampp/htdocs/proyectos/challenge_onmedia/system/CodeIgniter.php(419): CodeIgniter\CodeIgniter->runController()
#11 /opt/lampp/htdocs/proyectos/challenge_onmedia/system/CodeIgniter.php(326): CodeIgniter\CodeIgniter->handleRequest()
#12 /opt/lampp/htdocs/proyectos/challenge_onmedia/public/index.php(37): CodeIgniter\CodeIgniter->run()
#13 /opt/lampp/htdocs/proyectos/challenge_onmedia/system/Commands/Server/rewrite.php(43): require_once('/opt/lampp/htdo...')
#14 {main}
