CRITICAL - 2022-06-10 09:21:29 --> Undefined property: stdClass::$name
#0 /opt/lampp/htdocs/proyectos/challenge_onmedia/app/Views/character_info.php(4): CodeIgniter\Debug\Exceptions->errorHandler()
#1 /opt/lampp/htdocs/proyectos/challenge_onmedia/system/View/View.php(210): include('/opt/lampp/htdo...')
#2 /opt/lampp/htdocs/proyectos/challenge_onmedia/system/View/View.php(213): CodeIgniter\View\View->CodeIgniter\View\{closure}()
#3 /opt/lampp/htdocs/proyectos/challenge_onmedia/system/Common.php(1089): CodeIgniter\View\View->render()
#4 /opt/lampp/htdocs/proyectos/challenge_onmedia/app/Controllers/Character.php(22): view()
#5 /opt/lampp/htdocs/proyectos/challenge_onmedia/system/CodeIgniter.php(832): App\Controllers\Character->get_data()
#6 /opt/lampp/htdocs/proyectos/challenge_onmedia/system/CodeIgniter.php(419): CodeIgniter\CodeIgniter->runController()
#7 /opt/lampp/htdocs/proyectos/challenge_onmedia/system/CodeIgniter.php(326): CodeIgniter\CodeIgniter->handleRequest()
#8 /opt/lampp/htdocs/proyectos/challenge_onmedia/public/index.php(37): CodeIgniter\CodeIgniter->run()
#9 /opt/lampp/htdocs/proyectos/challenge_onmedia/system/Commands/Server/rewrite.php(43): require_once('/opt/lampp/htdo...')
#10 {main}
CRITICAL - 2022-06-10 09:21:29 --> Undefined property: stdClass::$name
#0 /opt/lampp/htdocs/proyectos/challenge_onmedia/app/Views/character_info.php(4): CodeIgniter\Debug\Exceptions->errorHandler()
#1 /opt/lampp/htdocs/proyectos/challenge_onmedia/system/View/View.php(210): include('/opt/lampp/htdo...')
#2 /opt/lampp/htdocs/proyectos/challenge_onmedia/system/View/View.php(213): CodeIgniter\View\View->CodeIgniter\View\{closure}()
#3 /opt/lampp/htdocs/proyectos/challenge_onmedia/system/Common.php(1089): CodeIgniter\View\View->render()
#4 /opt/lampp/htdocs/proyectos/challenge_onmedia/app/Controllers/Character.php(22): view()
#5 /opt/lampp/htdocs/proyectos/challenge_onmedia/system/CodeIgniter.php(832): App\Controllers\Character->get_data()
#6 /opt/lampp/htdocs/proyectos/challenge_onmedia/system/CodeIgniter.php(419): CodeIgniter\CodeIgniter->runController()
#7 /opt/lampp/htdocs/proyectos/challenge_onmedia/system/CodeIgniter.php(326): CodeIgniter\CodeIgniter->handleRequest()
#8 /opt/lampp/htdocs/proyectos/challenge_onmedia/public/index.php(37): CodeIgniter\CodeIgniter->run()
#9 /opt/lampp/htdocs/proyectos/challenge_onmedia/system/Commands/Server/rewrite.php(43): require_once('/opt/lampp/htdo...')
#10 {main}
CRITICAL - 2022-06-10 09:21:43 --> Undefined property: stdClass::$name
#0 /opt/lampp/htdocs/proyectos/challenge_onmedia/app/Views/character_info.php(4): CodeIgniter\Debug\Exceptions->errorHandler()
#1 /opt/lampp/htdocs/proyectos/challenge_onmedia/system/View/View.php(210): include('/opt/lampp/htdo...')
#2 /opt/lampp/htdocs/proyectos/challenge_onmedia/system/View/View.php(213): CodeIgniter\View\View->CodeIgniter\View\{closure}()
#3 /opt/lampp/htdocs/proyectos/challenge_onmedia/system/Common.php(1089): CodeIgniter\View\View->render()
#4 /opt/lampp/htdocs/proyectos/challenge_onmedia/app/Controllers/Character.php(22): view()
#5 /opt/lampp/htdocs/proyectos/challenge_onmedia/system/CodeIgniter.php(832): App\Controllers\Character->get_data()
#6 /opt/lampp/htdocs/proyectos/challenge_onmedia/system/CodeIgniter.php(419): CodeIgniter\CodeIgniter->runController()
#7 /opt/lampp/htdocs/proyectos/challenge_onmedia/system/CodeIgniter.php(326): CodeIgniter\CodeIgniter->handleRequest()
#8 /opt/lampp/htdocs/proyectos/challenge_onmedia/public/index.php(37): CodeIgniter\CodeIgniter->run()
#9 /opt/lampp/htdocs/proyectos/challenge_onmedia/system/Commands/Server/rewrite.php(43): require_once('/opt/lampp/htdo...')
#10 {main}
CRITICAL - 2022-06-10 09:21:44 --> Undefined property: stdClass::$name
#0 /opt/lampp/htdocs/proyectos/challenge_onmedia/app/Views/character_info.php(4): CodeIgniter\Debug\Exceptions->errorHandler()
#1 /opt/lampp/htdocs/proyectos/challenge_onmedia/system/View/View.php(210): include('/opt/lampp/htdo...')
#2 /opt/lampp/htdocs/proyectos/challenge_onmedia/system/View/View.php(213): CodeIgniter\View\View->CodeIgniter\View\{closure}()
#3 /opt/lampp/htdocs/proyectos/challenge_onmedia/system/Common.php(1089): CodeIgniter\View\View->render()
#4 /opt/lampp/htdocs/proyectos/challenge_onmedia/app/Controllers/Character.php(22): view()
#5 /opt/lampp/htdocs/proyectos/challenge_onmedia/system/CodeIgniter.php(832): App\Controllers\Character->get_data()
#6 /opt/lampp/htdocs/proyectos/challenge_onmedia/system/CodeIgniter.php(419): CodeIgniter\CodeIgniter->runController()
#7 /opt/lampp/htdocs/proyectos/challenge_onmedia/system/CodeIgniter.php(326): CodeIgniter\CodeIgniter->handleRequest()
#8 /opt/lampp/htdocs/proyectos/challenge_onmedia/public/index.php(37): CodeIgniter\CodeIgniter->run()
#9 /opt/lampp/htdocs/proyectos/challenge_onmedia/system/Commands/Server/rewrite.php(43): require_once('/opt/lampp/htdo...')
#10 {main}
CRITICAL - 2022-06-10 16:42:42 --> Undefined property: stdClass::$name
#0 /opt/lampp/htdocs/proyectos/challenge_onmedia/app/Views/character_info.php(4): CodeIgniter\Debug\Exceptions->errorHandler()
#1 /opt/lampp/htdocs/proyectos/challenge_onmedia/system/View/View.php(210): include('/opt/lampp/htdo...')
#2 /opt/lampp/htdocs/proyectos/challenge_onmedia/system/View/View.php(213): CodeIgniter\View\View->CodeIgniter\View\{closure}()
#3 /opt/lampp/htdocs/proyectos/challenge_onmedia/system/Common.php(1089): CodeIgniter\View\View->render()
#4 /opt/lampp/htdocs/proyectos/challenge_onmedia/app/Controllers/Character.php(22): view()
#5 /opt/lampp/htdocs/proyectos/challenge_onmedia/system/CodeIgniter.php(832): App\Controllers\Character->get_data()
#6 /opt/lampp/htdocs/proyectos/challenge_onmedia/system/CodeIgniter.php(419): CodeIgniter\CodeIgniter->runController()
#7 /opt/lampp/htdocs/proyectos/challenge_onmedia/system/CodeIgniter.php(326): CodeIgniter\CodeIgniter->handleRequest()
#8 /opt/lampp/htdocs/proyectos/challenge_onmedia/public/index.php(37): CodeIgniter\CodeIgniter->run()
#9 /opt/lampp/htdocs/proyectos/challenge_onmedia/system/Commands/Server/rewrite.php(43): require_once('/opt/lampp/htdo...')
#10 {main}
CRITICAL - 2022-06-10 16:42:43 --> Undefined property: stdClass::$name
#0 /opt/lampp/htdocs/proyectos/challenge_onmedia/app/Views/character_info.php(4): CodeIgniter\Debug\Exceptions->errorHandler()
#1 /opt/lampp/htdocs/proyectos/challenge_onmedia/system/View/View.php(210): include('/opt/lampp/htdo...')
#2 /opt/lampp/htdocs/proyectos/challenge_onmedia/system/View/View.php(213): CodeIgniter\View\View->CodeIgniter\View\{closure}()
#3 /opt/lampp/htdocs/proyectos/challenge_onmedia/system/Common.php(1089): CodeIgniter\View\View->render()
#4 /opt/lampp/htdocs/proyectos/challenge_onmedia/app/Controllers/Character.php(22): view()
#5 /opt/lampp/htdocs/proyectos/challenge_onmedia/system/CodeIgniter.php(832): App\Controllers\Character->get_data()
#6 /opt/lampp/htdocs/proyectos/challenge_onmedia/system/CodeIgniter.php(419): CodeIgniter\CodeIgniter->runController()
#7 /opt/lampp/htdocs/proyectos/challenge_onmedia/system/CodeIgniter.php(326): CodeIgniter\CodeIgniter->handleRequest()
#8 /opt/lampp/htdocs/proyectos/challenge_onmedia/public/index.php(37): CodeIgniter\CodeIgniter->run()
#9 /opt/lampp/htdocs/proyectos/challenge_onmedia/system/Commands/Server/rewrite.php(43): require_once('/opt/lampp/htdo...')
#10 {main}
CRITICAL - 2022-06-10 16:44:46 --> Undefined property: stdClass::$name
#0 /opt/lampp/htdocs/proyectos/challenge_onmedia/app/Views/character_info.php(4): CodeIgniter\Debug\Exceptions->errorHandler()
#1 /opt/lampp/htdocs/proyectos/challenge_onmedia/system/View/View.php(210): include('/opt/lampp/htdo...')
#2 /opt/lampp/htdocs/proyectos/challenge_onmedia/system/View/View.php(213): CodeIgniter\View\View->CodeIgniter\View\{closure}()
#3 /opt/lampp/htdocs/proyectos/challenge_onmedia/system/Common.php(1089): CodeIgniter\View\View->render()
#4 /opt/lampp/htdocs/proyectos/challenge_onmedia/app/Controllers/Character.php(22): view()
#5 /opt/lampp/htdocs/proyectos/challenge_onmedia/system/CodeIgniter.php(832): App\Controllers\Character->get_data()
#6 /opt/lampp/htdocs/proyectos/challenge_onmedia/system/CodeIgniter.php(419): CodeIgniter\CodeIgniter->runController()
#7 /opt/lampp/htdocs/proyectos/challenge_onmedia/system/CodeIgniter.php(326): CodeIgniter\CodeIgniter->handleRequest()
#8 /opt/lampp/htdocs/proyectos/challenge_onmedia/public/index.php(37): CodeIgniter\CodeIgniter->run()
#9 /opt/lampp/htdocs/proyectos/challenge_onmedia/system/Commands/Server/rewrite.php(43): require_once('/opt/lampp/htdo...')
#10 {main}
CRITICAL - 2022-06-10 16:44:47 --> Undefined property: stdClass::$name
#0 /opt/lampp/htdocs/proyectos/challenge_onmedia/app/Views/character_info.php(4): CodeIgniter\Debug\Exceptions->errorHandler()
#1 /opt/lampp/htdocs/proyectos/challenge_onmedia/system/View/View.php(210): include('/opt/lampp/htdo...')
#2 /opt/lampp/htdocs/proyectos/challenge_onmedia/system/View/View.php(213): CodeIgniter\View\View->CodeIgniter\View\{closure}()
#3 /opt/lampp/htdocs/proyectos/challenge_onmedia/system/Common.php(1089): CodeIgniter\View\View->render()
#4 /opt/lampp/htdocs/proyectos/challenge_onmedia/app/Controllers/Character.php(22): view()
#5 /opt/lampp/htdocs/proyectos/challenge_onmedia/system/CodeIgniter.php(832): App\Controllers\Character->get_data()
#6 /opt/lampp/htdocs/proyectos/challenge_onmedia/system/CodeIgniter.php(419): CodeIgniter\CodeIgniter->runController()
#7 /opt/lampp/htdocs/proyectos/challenge_onmedia/system/CodeIgniter.php(326): CodeIgniter\CodeIgniter->handleRequest()
#8 /opt/lampp/htdocs/proyectos/challenge_onmedia/public/index.php(37): CodeIgniter\CodeIgniter->run()
#9 /opt/lampp/htdocs/proyectos/challenge_onmedia/system/Commands/Server/rewrite.php(43): require_once('/opt/lampp/htdo...')
#10 {main}
CRITICAL - 2022-06-10 17:06:07 --> Undefined property: stdClass::$name
#0 /opt/lampp/htdocs/proyectos/challenge_onmedia/app/Views/character_info.php(4): CodeIgniter\Debug\Exceptions->errorHandler()
#1 /opt/lampp/htdocs/proyectos/challenge_onmedia/system/View/View.php(210): include('/opt/lampp/htdo...')
#2 /opt/lampp/htdocs/proyectos/challenge_onmedia/system/View/View.php(213): CodeIgniter\View\View->CodeIgniter\View\{closure}()
#3 /opt/lampp/htdocs/proyectos/challenge_onmedia/system/Common.php(1089): CodeIgniter\View\View->render()
#4 /opt/lampp/htdocs/proyectos/challenge_onmedia/app/Controllers/Character.php(22): view()
#5 /opt/lampp/htdocs/proyectos/challenge_onmedia/system/CodeIgniter.php(832): App\Controllers\Character->get_data()
#6 /opt/lampp/htdocs/proyectos/challenge_onmedia/system/CodeIgniter.php(419): CodeIgniter\CodeIgniter->runController()
#7 /opt/lampp/htdocs/proyectos/challenge_onmedia/system/CodeIgniter.php(326): CodeIgniter\CodeIgniter->handleRequest()
#8 /opt/lampp/htdocs/proyectos/challenge_onmedia/public/index.php(37): CodeIgniter\CodeIgniter->run()
#9 /opt/lampp/htdocs/proyectos/challenge_onmedia/system/Commands/Server/rewrite.php(43): require_once('/opt/lampp/htdo...')
#10 {main}
CRITICAL - 2022-06-10 17:06:08 --> Undefined property: stdClass::$name
#0 /opt/lampp/htdocs/proyectos/challenge_onmedia/app/Views/character_info.php(4): CodeIgniter\Debug\Exceptions->errorHandler()
#1 /opt/lampp/htdocs/proyectos/challenge_onmedia/system/View/View.php(210): include('/opt/lampp/htdo...')
#2 /opt/lampp/htdocs/proyectos/challenge_onmedia/system/View/View.php(213): CodeIgniter\View\View->CodeIgniter\View\{closure}()
#3 /opt/lampp/htdocs/proyectos/challenge_onmedia/system/Common.php(1089): CodeIgniter\View\View->render()
#4 /opt/lampp/htdocs/proyectos/challenge_onmedia/app/Controllers/Character.php(22): view()
#5 /opt/lampp/htdocs/proyectos/challenge_onmedia/system/CodeIgniter.php(832): App\Controllers\Character->get_data()
#6 /opt/lampp/htdocs/proyectos/challenge_onmedia/system/CodeIgniter.php(419): CodeIgniter\CodeIgniter->runController()
#7 /opt/lampp/htdocs/proyectos/challenge_onmedia/system/CodeIgniter.php(326): CodeIgniter\CodeIgniter->handleRequest()
#8 /opt/lampp/htdocs/proyectos/challenge_onmedia/public/index.php(37): CodeIgniter\CodeIgniter->run()
#9 /opt/lampp/htdocs/proyectos/challenge_onmedia/system/Commands/Server/rewrite.php(43): require_once('/opt/lampp/htdo...')
#10 {main}
CRITICAL - 2022-06-10 17:10:55 --> Undefined property: stdClass::$name
#0 /opt/lampp/htdocs/proyectos/challenge_onmedia/app/Views/character_info.php(4): CodeIgniter\Debug\Exceptions->errorHandler()
#1 /opt/lampp/htdocs/proyectos/challenge_onmedia/system/View/View.php(210): include('/opt/lampp/htdo...')
#2 /opt/lampp/htdocs/proyectos/challenge_onmedia/system/View/View.php(213): CodeIgniter\View\View->CodeIgniter\View\{closure}()
#3 /opt/lampp/htdocs/proyectos/challenge_onmedia/system/Common.php(1089): CodeIgniter\View\View->render()
#4 /opt/lampp/htdocs/proyectos/challenge_onmedia/app/Controllers/Character.php(22): view()
#5 /opt/lampp/htdocs/proyectos/challenge_onmedia/system/CodeIgniter.php(832): App\Controllers\Character->get_data()
#6 /opt/lampp/htdocs/proyectos/challenge_onmedia/system/CodeIgniter.php(419): CodeIgniter\CodeIgniter->runController()
#7 /opt/lampp/htdocs/proyectos/challenge_onmedia/system/CodeIgniter.php(326): CodeIgniter\CodeIgniter->handleRequest()
#8 /opt/lampp/htdocs/proyectos/challenge_onmedia/public/index.php(37): CodeIgniter\CodeIgniter->run()
#9 /opt/lampp/htdocs/proyectos/challenge_onmedia/system/Commands/Server/rewrite.php(43): require_once('/opt/lampp/htdo...')
#10 {main}
CRITICAL - 2022-06-10 17:10:56 --> Undefined property: stdClass::$name
#0 /opt/lampp/htdocs/proyectos/challenge_onmedia/app/Views/character_info.php(4): CodeIgniter\Debug\Exceptions->errorHandler()
#1 /opt/lampp/htdocs/proyectos/challenge_onmedia/system/View/View.php(210): include('/opt/lampp/htdo...')
#2 /opt/lampp/htdocs/proyectos/challenge_onmedia/system/View/View.php(213): CodeIgniter\View\View->CodeIgniter\View\{closure}()
#3 /opt/lampp/htdocs/proyectos/challenge_onmedia/system/Common.php(1089): CodeIgniter\View\View->render()
#4 /opt/lampp/htdocs/proyectos/challenge_onmedia/app/Controllers/Character.php(22): view()
#5 /opt/lampp/htdocs/proyectos/challenge_onmedia/system/CodeIgniter.php(832): App\Controllers\Character->get_data()
#6 /opt/lampp/htdocs/proyectos/challenge_onmedia/system/CodeIgniter.php(419): CodeIgniter\CodeIgniter->runController()
#7 /opt/lampp/htdocs/proyectos/challenge_onmedia/system/CodeIgniter.php(326): CodeIgniter\CodeIgniter->handleRequest()
#8 /opt/lampp/htdocs/proyectos/challenge_onmedia/public/index.php(37): CodeIgniter\CodeIgniter->run()
#9 /opt/lampp/htdocs/proyectos/challenge_onmedia/system/Commands/Server/rewrite.php(43): require_once('/opt/lampp/htdo...')
#10 {main}
CRITICAL - 2022-06-10 17:10:59 --> Undefined property: stdClass::$name
#0 /opt/lampp/htdocs/proyectos/challenge_onmedia/app/Views/character_info.php(4): CodeIgniter\Debug\Exceptions->errorHandler()
#1 /opt/lampp/htdocs/proyectos/challenge_onmedia/system/View/View.php(210): include('/opt/lampp/htdo...')
#2 /opt/lampp/htdocs/proyectos/challenge_onmedia/system/View/View.php(213): CodeIgniter\View\View->CodeIgniter\View\{closure}()
#3 /opt/lampp/htdocs/proyectos/challenge_onmedia/system/Common.php(1089): CodeIgniter\View\View->render()
#4 /opt/lampp/htdocs/proyectos/challenge_onmedia/app/Controllers/Character.php(22): view()
#5 /opt/lampp/htdocs/proyectos/challenge_onmedia/system/CodeIgniter.php(832): App\Controllers\Character->get_data()
#6 /opt/lampp/htdocs/proyectos/challenge_onmedia/system/CodeIgniter.php(419): CodeIgniter\CodeIgniter->runController()
#7 /opt/lampp/htdocs/proyectos/challenge_onmedia/system/CodeIgniter.php(326): CodeIgniter\CodeIgniter->handleRequest()
#8 /opt/lampp/htdocs/proyectos/challenge_onmedia/public/index.php(37): CodeIgniter\CodeIgniter->run()
#9 /opt/lampp/htdocs/proyectos/challenge_onmedia/system/Commands/Server/rewrite.php(43): require_once('/opt/lampp/htdo...')
#10 {main}
CRITICAL - 2022-06-10 17:11:00 --> Undefined property: stdClass::$name
#0 /opt/lampp/htdocs/proyectos/challenge_onmedia/app/Views/character_info.php(4): CodeIgniter\Debug\Exceptions->errorHandler()
#1 /opt/lampp/htdocs/proyectos/challenge_onmedia/system/View/View.php(210): include('/opt/lampp/htdo...')
#2 /opt/lampp/htdocs/proyectos/challenge_onmedia/system/View/View.php(213): CodeIgniter\View\View->CodeIgniter\View\{closure}()
#3 /opt/lampp/htdocs/proyectos/challenge_onmedia/system/Common.php(1089): CodeIgniter\View\View->render()
#4 /opt/lampp/htdocs/proyectos/challenge_onmedia/app/Controllers/Character.php(22): view()
#5 /opt/lampp/htdocs/proyectos/challenge_onmedia/system/CodeIgniter.php(832): App\Controllers\Character->get_data()
#6 /opt/lampp/htdocs/proyectos/challenge_onmedia/system/CodeIgniter.php(419): CodeIgniter\CodeIgniter->runController()
#7 /opt/lampp/htdocs/proyectos/challenge_onmedia/system/CodeIgniter.php(326): CodeIgniter\CodeIgniter->handleRequest()
#8 /opt/lampp/htdocs/proyectos/challenge_onmedia/public/index.php(37): CodeIgniter\CodeIgniter->run()
#9 /opt/lampp/htdocs/proyectos/challenge_onmedia/system/Commands/Server/rewrite.php(43): require_once('/opt/lampp/htdo...')
#10 {main}
CRITICAL - 2022-06-10 17:13:41 --> Undefined property: stdClass::$name
#0 /opt/lampp/htdocs/proyectos/challenge_onmedia/app/Views/character_info.php(4): CodeIgniter\Debug\Exceptions->errorHandler()
#1 /opt/lampp/htdocs/proyectos/challenge_onmedia/system/View/View.php(210): include('/opt/lampp/htdo...')
#2 /opt/lampp/htdocs/proyectos/challenge_onmedia/system/View/View.php(213): CodeIgniter\View\View->CodeIgniter\View\{closure}()
#3 /opt/lampp/htdocs/proyectos/challenge_onmedia/system/Common.php(1089): CodeIgniter\View\View->render()
#4 /opt/lampp/htdocs/proyectos/challenge_onmedia/app/Controllers/Character.php(22): view()
#5 /opt/lampp/htdocs/proyectos/challenge_onmedia/system/CodeIgniter.php(832): App\Controllers\Character->get_data()
#6 /opt/lampp/htdocs/proyectos/challenge_onmedia/system/CodeIgniter.php(419): CodeIgniter\CodeIgniter->runController()
#7 /opt/lampp/htdocs/proyectos/challenge_onmedia/system/CodeIgniter.php(326): CodeIgniter\CodeIgniter->handleRequest()
#8 /opt/lampp/htdocs/proyectos/challenge_onmedia/public/index.php(37): CodeIgniter\CodeIgniter->run()
#9 /opt/lampp/htdocs/proyectos/challenge_onmedia/system/Commands/Server/rewrite.php(43): require_once('/opt/lampp/htdo...')
#10 {main}
CRITICAL - 2022-06-10 17:13:41 --> Undefined property: stdClass::$name
#0 /opt/lampp/htdocs/proyectos/challenge_onmedia/app/Views/character_info.php(4): CodeIgniter\Debug\Exceptions->errorHandler()
#1 /opt/lampp/htdocs/proyectos/challenge_onmedia/system/View/View.php(210): include('/opt/lampp/htdo...')
#2 /opt/lampp/htdocs/proyectos/challenge_onmedia/system/View/View.php(213): CodeIgniter\View\View->CodeIgniter\View\{closure}()
#3 /opt/lampp/htdocs/proyectos/challenge_onmedia/system/Common.php(1089): CodeIgniter\View\View->render()
#4 /opt/lampp/htdocs/proyectos/challenge_onmedia/app/Controllers/Character.php(22): view()
#5 /opt/lampp/htdocs/proyectos/challenge_onmedia/system/CodeIgniter.php(832): App\Controllers\Character->get_data()
#6 /opt/lampp/htdocs/proyectos/challenge_onmedia/system/CodeIgniter.php(419): CodeIgniter\CodeIgniter->runController()
#7 /opt/lampp/htdocs/proyectos/challenge_onmedia/system/CodeIgniter.php(326): CodeIgniter\CodeIgniter->handleRequest()
#8 /opt/lampp/htdocs/proyectos/challenge_onmedia/public/index.php(37): CodeIgniter\CodeIgniter->run()
#9 /opt/lampp/htdocs/proyectos/challenge_onmedia/system/Commands/Server/rewrite.php(43): require_once('/opt/lampp/htdo...')
#10 {main}
CRITICAL - 2022-06-10 17:15:03 --> Undefined property: stdClass::$name
#0 /opt/lampp/htdocs/proyectos/challenge_onmedia/app/Views/character_info.php(4): CodeIgniter\Debug\Exceptions->errorHandler()
#1 /opt/lampp/htdocs/proyectos/challenge_onmedia/system/View/View.php(210): include('/opt/lampp/htdo...')
#2 /opt/lampp/htdocs/proyectos/challenge_onmedia/system/View/View.php(213): CodeIgniter\View\View->CodeIgniter\View\{closure}()
#3 /opt/lampp/htdocs/proyectos/challenge_onmedia/system/Common.php(1089): CodeIgniter\View\View->render()
#4 /opt/lampp/htdocs/proyectos/challenge_onmedia/app/Controllers/Character.php(22): view()
#5 /opt/lampp/htdocs/proyectos/challenge_onmedia/system/CodeIgniter.php(832): App\Controllers\Character->get_data()
#6 /opt/lampp/htdocs/proyectos/challenge_onmedia/system/CodeIgniter.php(419): CodeIgniter\CodeIgniter->runController()
#7 /opt/lampp/htdocs/proyectos/challenge_onmedia/system/CodeIgniter.php(326): CodeIgniter\CodeIgniter->handleRequest()
#8 /opt/lampp/htdocs/proyectos/challenge_onmedia/public/index.php(37): CodeIgniter\CodeIgniter->run()
#9 /opt/lampp/htdocs/proyectos/challenge_onmedia/system/Commands/Server/rewrite.php(43): require_once('/opt/lampp/htdo...')
#10 {main}
CRITICAL - 2022-06-10 17:15:04 --> Undefined property: stdClass::$name
#0 /opt/lampp/htdocs/proyectos/challenge_onmedia/app/Views/character_info.php(4): CodeIgniter\Debug\Exceptions->errorHandler()
#1 /opt/lampp/htdocs/proyectos/challenge_onmedia/system/View/View.php(210): include('/opt/lampp/htdo...')
#2 /opt/lampp/htdocs/proyectos/challenge_onmedia/system/View/View.php(213): CodeIgniter\View\View->CodeIgniter\View\{closure}()
#3 /opt/lampp/htdocs/proyectos/challenge_onmedia/system/Common.php(1089): CodeIgniter\View\View->render()
#4 /opt/lampp/htdocs/proyectos/challenge_onmedia/app/Controllers/Character.php(22): view()
#5 /opt/lampp/htdocs/proyectos/challenge_onmedia/system/CodeIgniter.php(832): App\Controllers\Character->get_data()
#6 /opt/lampp/htdocs/proyectos/challenge_onmedia/system/CodeIgniter.php(419): CodeIgniter\CodeIgniter->runController()
#7 /opt/lampp/htdocs/proyectos/challenge_onmedia/system/CodeIgniter.php(326): CodeIgniter\CodeIgniter->handleRequest()
#8 /opt/lampp/htdocs/proyectos/challenge_onmedia/public/index.php(37): CodeIgniter\CodeIgniter->run()
#9 /opt/lampp/htdocs/proyectos/challenge_onmedia/system/Commands/Server/rewrite.php(43): require_once('/opt/lampp/htdo...')
#10 {main}
CRITICAL - 2022-06-10 17:15:59 --> Undefined property: stdClass::$name
#0 /opt/lampp/htdocs/proyectos/challenge_onmedia/app/Views/character_info.php(4): CodeIgniter\Debug\Exceptions->errorHandler()
#1 /opt/lampp/htdocs/proyectos/challenge_onmedia/system/View/View.php(210): include('/opt/lampp/htdo...')
#2 /opt/lampp/htdocs/proyectos/challenge_onmedia/system/View/View.php(213): CodeIgniter\View\View->CodeIgniter\View\{closure}()
#3 /opt/lampp/htdocs/proyectos/challenge_onmedia/system/Common.php(1089): CodeIgniter\View\View->render()
#4 /opt/lampp/htdocs/proyectos/challenge_onmedia/app/Controllers/Character.php(22): view()
#5 /opt/lampp/htdocs/proyectos/challenge_onmedia/system/CodeIgniter.php(832): App\Controllers\Character->get_data()
#6 /opt/lampp/htdocs/proyectos/challenge_onmedia/system/CodeIgniter.php(419): CodeIgniter\CodeIgniter->runController()
#7 /opt/lampp/htdocs/proyectos/challenge_onmedia/system/CodeIgniter.php(326): CodeIgniter\CodeIgniter->handleRequest()
#8 /opt/lampp/htdocs/proyectos/challenge_onmedia/public/index.php(37): CodeIgniter\CodeIgniter->run()
#9 /opt/lampp/htdocs/proyectos/challenge_onmedia/system/Commands/Server/rewrite.php(43): require_once('/opt/lampp/htdo...')
#10 {main}
CRITICAL - 2022-06-10 17:15:59 --> Undefined property: stdClass::$name
#0 /opt/lampp/htdocs/proyectos/challenge_onmedia/app/Views/character_info.php(4): CodeIgniter\Debug\Exceptions->errorHandler()
#1 /opt/lampp/htdocs/proyectos/challenge_onmedia/system/View/View.php(210): include('/opt/lampp/htdo...')
#2 /opt/lampp/htdocs/proyectos/challenge_onmedia/system/View/View.php(213): CodeIgniter\View\View->CodeIgniter\View\{closure}()
#3 /opt/lampp/htdocs/proyectos/challenge_onmedia/system/Common.php(1089): CodeIgniter\View\View->render()
#4 /opt/lampp/htdocs/proyectos/challenge_onmedia/app/Controllers/Character.php(22): view()
#5 /opt/lampp/htdocs/proyectos/challenge_onmedia/system/CodeIgniter.php(832): App\Controllers\Character->get_data()
#6 /opt/lampp/htdocs/proyectos/challenge_onmedia/system/CodeIgniter.php(419): CodeIgniter\CodeIgniter->runController()
#7 /opt/lampp/htdocs/proyectos/challenge_onmedia/system/CodeIgniter.php(326): CodeIgniter\CodeIgniter->handleRequest()
#8 /opt/lampp/htdocs/proyectos/challenge_onmedia/public/index.php(37): CodeIgniter\CodeIgniter->run()
#9 /opt/lampp/htdocs/proyectos/challenge_onmedia/system/Commands/Server/rewrite.php(43): require_once('/opt/lampp/htdo...')
#10 {main}
CRITICAL - 2022-06-10 17:16:50 --> Undefined property: stdClass::$name
#0 /opt/lampp/htdocs/proyectos/challenge_onmedia/app/Views/character_info.php(4): CodeIgniter\Debug\Exceptions->errorHandler()
#1 /opt/lampp/htdocs/proyectos/challenge_onmedia/system/View/View.php(210): include('/opt/lampp/htdo...')
#2 /opt/lampp/htdocs/proyectos/challenge_onmedia/system/View/View.php(213): CodeIgniter\View\View->CodeIgniter\View\{closure}()
#3 /opt/lampp/htdocs/proyectos/challenge_onmedia/system/Common.php(1089): CodeIgniter\View\View->render()
#4 /opt/lampp/htdocs/proyectos/challenge_onmedia/app/Controllers/Character.php(22): view()
#5 /opt/lampp/htdocs/proyectos/challenge_onmedia/system/CodeIgniter.php(832): App\Controllers\Character->get_data()
#6 /opt/lampp/htdocs/proyectos/challenge_onmedia/system/CodeIgniter.php(419): CodeIgniter\CodeIgniter->runController()
#7 /opt/lampp/htdocs/proyectos/challenge_onmedia/system/CodeIgniter.php(326): CodeIgniter\CodeIgniter->handleRequest()
#8 /opt/lampp/htdocs/proyectos/challenge_onmedia/public/index.php(37): CodeIgniter\CodeIgniter->run()
#9 /opt/lampp/htdocs/proyectos/challenge_onmedia/system/Commands/Server/rewrite.php(43): require_once('/opt/lampp/htdo...')
#10 {main}
CRITICAL - 2022-06-10 17:16:50 --> Undefined property: stdClass::$name
#0 /opt/lampp/htdocs/proyectos/challenge_onmedia/app/Views/character_info.php(4): CodeIgniter\Debug\Exceptions->errorHandler()
#1 /opt/lampp/htdocs/proyectos/challenge_onmedia/system/View/View.php(210): include('/opt/lampp/htdo...')
#2 /opt/lampp/htdocs/proyectos/challenge_onmedia/system/View/View.php(213): CodeIgniter\View\View->CodeIgniter\View\{closure}()
#3 /opt/lampp/htdocs/proyectos/challenge_onmedia/system/Common.php(1089): CodeIgniter\View\View->render()
#4 /opt/lampp/htdocs/proyectos/challenge_onmedia/app/Controllers/Character.php(22): view()
#5 /opt/lampp/htdocs/proyectos/challenge_onmedia/system/CodeIgniter.php(832): App\Controllers\Character->get_data()
#6 /opt/lampp/htdocs/proyectos/challenge_onmedia/system/CodeIgniter.php(419): CodeIgniter\CodeIgniter->runController()
#7 /opt/lampp/htdocs/proyectos/challenge_onmedia/system/CodeIgniter.php(326): CodeIgniter\CodeIgniter->handleRequest()
#8 /opt/lampp/htdocs/proyectos/challenge_onmedia/public/index.php(37): CodeIgniter\CodeIgniter->run()
#9 /opt/lampp/htdocs/proyectos/challenge_onmedia/system/Commands/Server/rewrite.php(43): require_once('/opt/lampp/htdo...')
#10 {main}
CRITICAL - 2022-06-10 17:18:13 --> Undefined property: stdClass::$name
#0 /opt/lampp/htdocs/proyectos/challenge_onmedia/app/Views/character_info.php(8): CodeIgniter\Debug\Exceptions->errorHandler()
#1 /opt/lampp/htdocs/proyectos/challenge_onmedia/system/View/View.php(210): include('/opt/lampp/htdo...')
#2 /opt/lampp/htdocs/proyectos/challenge_onmedia/system/View/View.php(213): CodeIgniter\View\View->CodeIgniter\View\{closure}()
#3 /opt/lampp/htdocs/proyectos/challenge_onmedia/system/Common.php(1089): CodeIgniter\View\View->render()
#4 /opt/lampp/htdocs/proyectos/challenge_onmedia/app/Controllers/Character.php(22): view()
#5 /opt/lampp/htdocs/proyectos/challenge_onmedia/system/CodeIgniter.php(832): App\Controllers\Character->get_data()
#6 /opt/lampp/htdocs/proyectos/challenge_onmedia/system/CodeIgniter.php(419): CodeIgniter\CodeIgniter->runController()
#7 /opt/lampp/htdocs/proyectos/challenge_onmedia/system/CodeIgniter.php(326): CodeIgniter\CodeIgniter->handleRequest()
#8 /opt/lampp/htdocs/proyectos/challenge_onmedia/public/index.php(37): CodeIgniter\CodeIgniter->run()
#9 /opt/lampp/htdocs/proyectos/challenge_onmedia/system/Commands/Server/rewrite.php(43): require_once('/opt/lampp/htdo...')
#10 {main}
CRITICAL - 2022-06-10 17:18:14 --> Undefined property: stdClass::$name
#0 /opt/lampp/htdocs/proyectos/challenge_onmedia/app/Views/character_info.php(8): CodeIgniter\Debug\Exceptions->errorHandler()
#1 /opt/lampp/htdocs/proyectos/challenge_onmedia/system/View/View.php(210): include('/opt/lampp/htdo...')
#2 /opt/lampp/htdocs/proyectos/challenge_onmedia/system/View/View.php(213): CodeIgniter\View\View->CodeIgniter\View\{closure}()
#3 /opt/lampp/htdocs/proyectos/challenge_onmedia/system/Common.php(1089): CodeIgniter\View\View->render()
#4 /opt/lampp/htdocs/proyectos/challenge_onmedia/app/Controllers/Character.php(22): view()
#5 /opt/lampp/htdocs/proyectos/challenge_onmedia/system/CodeIgniter.php(832): App\Controllers\Character->get_data()
#6 /opt/lampp/htdocs/proyectos/challenge_onmedia/system/CodeIgniter.php(419): CodeIgniter\CodeIgniter->runController()
#7 /opt/lampp/htdocs/proyectos/challenge_onmedia/system/CodeIgniter.php(326): CodeIgniter\CodeIgniter->handleRequest()
#8 /opt/lampp/htdocs/proyectos/challenge_onmedia/public/index.php(37): CodeIgniter\CodeIgniter->run()
#9 /opt/lampp/htdocs/proyectos/challenge_onmedia/system/Commands/Server/rewrite.php(43): require_once('/opt/lampp/htdo...')
#10 {main}
CRITICAL - 2022-06-10 17:18:14 --> Undefined property: stdClass::$name
#0 /opt/lampp/htdocs/proyectos/challenge_onmedia/app/Views/character_info.php(8): CodeIgniter\Debug\Exceptions->errorHandler()
#1 /opt/lampp/htdocs/proyectos/challenge_onmedia/system/View/View.php(210): include('/opt/lampp/htdo...')
#2 /opt/lampp/htdocs/proyectos/challenge_onmedia/system/View/View.php(213): CodeIgniter\View\View->CodeIgniter\View\{closure}()
#3 /opt/lampp/htdocs/proyectos/challenge_onmedia/system/Common.php(1089): CodeIgniter\View\View->render()
#4 /opt/lampp/htdocs/proyectos/challenge_onmedia/app/Controllers/Character.php(22): view()
#5 /opt/lampp/htdocs/proyectos/challenge_onmedia/system/CodeIgniter.php(832): App\Controllers\Character->get_data()
#6 /opt/lampp/htdocs/proyectos/challenge_onmedia/system/CodeIgniter.php(419): CodeIgniter\CodeIgniter->runController()
#7 /opt/lampp/htdocs/proyectos/challenge_onmedia/system/CodeIgniter.php(326): CodeIgniter\CodeIgniter->handleRequest()
#8 /opt/lampp/htdocs/proyectos/challenge_onmedia/public/index.php(37): CodeIgniter\CodeIgniter->run()
#9 /opt/lampp/htdocs/proyectos/challenge_onmedia/system/Commands/Server/rewrite.php(43): require_once('/opt/lampp/htdo...')
#10 {main}
CRITICAL - 2022-06-10 17:18:15 --> Undefined property: stdClass::$name
#0 /opt/lampp/htdocs/proyectos/challenge_onmedia/app/Views/character_info.php(8): CodeIgniter\Debug\Exceptions->errorHandler()
#1 /opt/lampp/htdocs/proyectos/challenge_onmedia/system/View/View.php(210): include('/opt/lampp/htdo...')
#2 /opt/lampp/htdocs/proyectos/challenge_onmedia/system/View/View.php(213): CodeIgniter\View\View->CodeIgniter\View\{closure}()
#3 /opt/lampp/htdocs/proyectos/challenge_onmedia/system/Common.php(1089): CodeIgniter\View\View->render()
#4 /opt/lampp/htdocs/proyectos/challenge_onmedia/app/Controllers/Character.php(22): view()
#5 /opt/lampp/htdocs/proyectos/challenge_onmedia/system/CodeIgniter.php(832): App\Controllers\Character->get_data()
#6 /opt/lampp/htdocs/proyectos/challenge_onmedia/system/CodeIgniter.php(419): CodeIgniter\CodeIgniter->runController()
#7 /opt/lampp/htdocs/proyectos/challenge_onmedia/system/CodeIgniter.php(326): CodeIgniter\CodeIgniter->handleRequest()
#8 /opt/lampp/htdocs/proyectos/challenge_onmedia/public/index.php(37): CodeIgniter\CodeIgniter->run()
#9 /opt/lampp/htdocs/proyectos/challenge_onmedia/system/Commands/Server/rewrite.php(43): require_once('/opt/lampp/htdo...')
#10 {main}
CRITICAL - 2022-06-10 17:21:05 --> Undefined variable: base_url
#0 /opt/lampp/htdocs/proyectos/challenge_onmedia/app/Views/default.php(15): CodeIgniter\Debug\Exceptions->errorHandler()
#1 /opt/lampp/htdocs/proyectos/challenge_onmedia/system/View/View.php(210): include('/opt/lampp/htdo...')
#2 /opt/lampp/htdocs/proyectos/challenge_onmedia/system/View/View.php(213): CodeIgniter\View\View->CodeIgniter\View\{closure}()
#3 /opt/lampp/htdocs/proyectos/challenge_onmedia/system/View/View.php(226): CodeIgniter\View\View->render()
#4 /opt/lampp/htdocs/proyectos/challenge_onmedia/system/Common.php(1089): CodeIgniter\View\View->render()
#5 /opt/lampp/htdocs/proyectos/challenge_onmedia/app/Controllers/Character.php(22): view()
#6 /opt/lampp/htdocs/proyectos/challenge_onmedia/system/CodeIgniter.php(832): App\Controllers\Character->get_data()
#7 /opt/lampp/htdocs/proyectos/challenge_onmedia/system/CodeIgniter.php(419): CodeIgniter\CodeIgniter->runController()
#8 /opt/lampp/htdocs/proyectos/challenge_onmedia/system/CodeIgniter.php(326): CodeIgniter\CodeIgniter->handleRequest()
#9 /opt/lampp/htdocs/proyectos/challenge_onmedia/public/index.php(37): CodeIgniter\CodeIgniter->run()
#10 /opt/lampp/htdocs/proyectos/challenge_onmedia/system/Commands/Server/rewrite.php(43): require_once('/opt/lampp/htdo...')
#11 {main}
CRITICAL - 2022-06-10 17:21:15 --> Undefined property: stdClass::$name
#0 /opt/lampp/htdocs/proyectos/challenge_onmedia/app/Views/character_info.php(4): CodeIgniter\Debug\Exceptions->errorHandler()
#1 /opt/lampp/htdocs/proyectos/challenge_onmedia/system/View/View.php(210): include('/opt/lampp/htdo...')
#2 /opt/lampp/htdocs/proyectos/challenge_onmedia/system/View/View.php(213): CodeIgniter\View\View->CodeIgniter\View\{closure}()
#3 /opt/lampp/htdocs/proyectos/challenge_onmedia/system/Common.php(1089): CodeIgniter\View\View->render()
#4 /opt/lampp/htdocs/proyectos/challenge_onmedia/app/Controllers/Character.php(22): view()
#5 /opt/lampp/htdocs/proyectos/challenge_onmedia/system/CodeIgniter.php(832): App\Controllers\Character->get_data()
#6 /opt/lampp/htdocs/proyectos/challenge_onmedia/system/CodeIgniter.php(419): CodeIgniter\CodeIgniter->runController()
#7 /opt/lampp/htdocs/proyectos/challenge_onmedia/system/CodeIgniter.php(326): CodeIgniter\CodeIgniter->handleRequest()
#8 /opt/lampp/htdocs/proyectos/challenge_onmedia/public/index.php(37): CodeIgniter\CodeIgniter->run()
#9 /opt/lampp/htdocs/proyectos/challenge_onmedia/system/Commands/Server/rewrite.php(43): require_once('/opt/lampp/htdo...')
#10 {main}
CRITICAL - 2022-06-10 17:22:10 --> Undefined property: stdClass::$name
#0 /opt/lampp/htdocs/proyectos/challenge_onmedia/app/Views/character_info.php(4): CodeIgniter\Debug\Exceptions->errorHandler()
#1 /opt/lampp/htdocs/proyectos/challenge_onmedia/system/View/View.php(210): include('/opt/lampp/htdo...')
#2 /opt/lampp/htdocs/proyectos/challenge_onmedia/system/View/View.php(213): CodeIgniter\View\View->CodeIgniter\View\{closure}()
#3 /opt/lampp/htdocs/proyectos/challenge_onmedia/system/Common.php(1089): CodeIgniter\View\View->render()
#4 /opt/lampp/htdocs/proyectos/challenge_onmedia/app/Controllers/Character.php(22): view()
#5 /opt/lampp/htdocs/proyectos/challenge_onmedia/system/CodeIgniter.php(832): App\Controllers\Character->get_data()
#6 /opt/lampp/htdocs/proyectos/challenge_onmedia/system/CodeIgniter.php(419): CodeIgniter\CodeIgniter->runController()
#7 /opt/lampp/htdocs/proyectos/challenge_onmedia/system/CodeIgniter.php(326): CodeIgniter\CodeIgniter->handleRequest()
#8 /opt/lampp/htdocs/proyectos/challenge_onmedia/public/index.php(37): CodeIgniter\CodeIgniter->run()
#9 /opt/lampp/htdocs/proyectos/challenge_onmedia/system/Commands/Server/rewrite.php(43): require_once('/opt/lampp/htdo...')
#10 {main}
CRITICAL - 2022-06-10 17:22:52 --> Undefined property: stdClass::$name
#0 /opt/lampp/htdocs/proyectos/challenge_onmedia/app/Views/character_info.php(4): CodeIgniter\Debug\Exceptions->errorHandler()
#1 /opt/lampp/htdocs/proyectos/challenge_onmedia/system/View/View.php(210): include('/opt/lampp/htdo...')
#2 /opt/lampp/htdocs/proyectos/challenge_onmedia/system/View/View.php(213): CodeIgniter\View\View->CodeIgniter\View\{closure}()
#3 /opt/lampp/htdocs/proyectos/challenge_onmedia/system/Common.php(1089): CodeIgniter\View\View->render()
#4 /opt/lampp/htdocs/proyectos/challenge_onmedia/app/Controllers/Character.php(22): view()
#5 /opt/lampp/htdocs/proyectos/challenge_onmedia/system/CodeIgniter.php(832): App\Controllers\Character->get_data()
#6 /opt/lampp/htdocs/proyectos/challenge_onmedia/system/CodeIgniter.php(419): CodeIgniter\CodeIgniter->runController()
#7 /opt/lampp/htdocs/proyectos/challenge_onmedia/system/CodeIgniter.php(326): CodeIgniter\CodeIgniter->handleRequest()
#8 /opt/lampp/htdocs/proyectos/challenge_onmedia/public/index.php(37): CodeIgniter\CodeIgniter->run()
#9 /opt/lampp/htdocs/proyectos/challenge_onmedia/system/Commands/Server/rewrite.php(43): require_once('/opt/lampp/htdo...')
#10 {main}
CRITICAL - 2022-06-10 17:25:47 --> Undefined property: stdClass::$name
#0 /opt/lampp/htdocs/proyectos/challenge_onmedia/app/Views/character_info.php(4): CodeIgniter\Debug\Exceptions->errorHandler()
#1 /opt/lampp/htdocs/proyectos/challenge_onmedia/system/View/View.php(210): include('/opt/lampp/htdo...')
#2 /opt/lampp/htdocs/proyectos/challenge_onmedia/system/View/View.php(213): CodeIgniter\View\View->CodeIgniter\View\{closure}()
#3 /opt/lampp/htdocs/proyectos/challenge_onmedia/system/Common.php(1089): CodeIgniter\View\View->render()
#4 /opt/lampp/htdocs/proyectos/challenge_onmedia/app/Controllers/Character.php(22): view()
#5 /opt/lampp/htdocs/proyectos/challenge_onmedia/system/CodeIgniter.php(832): App\Controllers\Character->get_data()
#6 /opt/lampp/htdocs/proyectos/challenge_onmedia/system/CodeIgniter.php(419): CodeIgniter\CodeIgniter->runController()
#7 /opt/lampp/htdocs/proyectos/challenge_onmedia/system/CodeIgniter.php(326): CodeIgniter\CodeIgniter->handleRequest()
#8 /opt/lampp/htdocs/proyectos/challenge_onmedia/public/index.php(37): CodeIgniter\CodeIgniter->run()
#9 /opt/lampp/htdocs/proyectos/challenge_onmedia/system/Commands/Server/rewrite.php(43): require_once('/opt/lampp/htdo...')
#10 {main}
