CRITICAL - 2022-06-07 06:52:47 --> Call to undefined function App\Controllers\perform_http_request()
#0 /opt/lampp/htdocs/proyectos/challenge_onmedia/system/CodeIgniter.php(832): App\Controllers\Home->index()
#1 /opt/lampp/htdocs/proyectos/challenge_onmedia/system/CodeIgniter.php(419): CodeIgniter\CodeIgniter->runController(Object(App\Controllers\Home))
#2 /opt/lampp/htdocs/proyectos/challenge_onmedia/system/CodeIgniter.php(326): CodeIgniter\CodeIgniter->handleRequest(NULL, Object(Config\Cache), false)
#3 /opt/lampp/htdocs/proyectos/challenge_onmedia/public/index.php(37): CodeIgniter\CodeIgniter->run()
#4 {main}
CRITICAL - 2022-06-07 06:54:11 --> Call to undefined function App\Controllers\perform_http_request()
#0 /opt/lampp/htdocs/proyectos/challenge_onmedia/system/CodeIgniter.php(832): App\Controllers\Home->index()
#1 /opt/lampp/htdocs/proyectos/challenge_onmedia/system/CodeIgniter.php(419): CodeIgniter\CodeIgniter->runController(Object(App\Controllers\Home))
#2 /opt/lampp/htdocs/proyectos/challenge_onmedia/system/CodeIgniter.php(326): CodeIgniter\CodeIgniter->handleRequest(NULL, Object(Config\Cache), false)
#3 /opt/lampp/htdocs/proyectos/challenge_onmedia/public/index.php(37): CodeIgniter\CodeIgniter->run()
#4 {main}
CRITICAL - 2022-06-07 06:55:09 --> Call to undefined function App\Controllers\perform_http_request()
#0 /opt/lampp/htdocs/proyectos/challenge_onmedia/system/CodeIgniter.php(832): App\Controllers\Home->index()
#1 /opt/lampp/htdocs/proyectos/challenge_onmedia/system/CodeIgniter.php(419): CodeIgniter\CodeIgniter->runController(Object(App\Controllers\Home))
#2 /opt/lampp/htdocs/proyectos/challenge_onmedia/system/CodeIgniter.php(326): CodeIgniter\CodeIgniter->handleRequest(NULL, Object(Config\Cache), false)
#3 /opt/lampp/htdocs/proyectos/challenge_onmedia/public/index.php(37): CodeIgniter\CodeIgniter->run()
#4 {main}
CRITICAL - 2022-06-07 06:55:33 --> Call to undefined function App\Controllers\perform_http_request()
#0 /opt/lampp/htdocs/proyectos/challenge_onmedia/system/CodeIgniter.php(832): App\Controllers\Home->index()
#1 /opt/lampp/htdocs/proyectos/challenge_onmedia/system/CodeIgniter.php(419): CodeIgniter\CodeIgniter->runController(Object(App\Controllers\Home))
#2 /opt/lampp/htdocs/proyectos/challenge_onmedia/system/CodeIgniter.php(326): CodeIgniter\CodeIgniter->handleRequest(NULL, Object(Config\Cache), false)
#3 /opt/lampp/htdocs/proyectos/challenge_onmedia/public/index.php(37): CodeIgniter\CodeIgniter->run()
#4 {main}
CRITICAL - 2022-06-07 06:55:34 --> Call to undefined function App\Controllers\perform_http_request()
#0 /opt/lampp/htdocs/proyectos/challenge_onmedia/system/CodeIgniter.php(832): App\Controllers\Home->index()
#1 /opt/lampp/htdocs/proyectos/challenge_onmedia/system/CodeIgniter.php(419): CodeIgniter\CodeIgniter->runController(Object(App\Controllers\Home))
#2 /opt/lampp/htdocs/proyectos/challenge_onmedia/system/CodeIgniter.php(326): CodeIgniter\CodeIgniter->handleRequest(NULL, Object(Config\Cache), false)
#3 /opt/lampp/htdocs/proyectos/challenge_onmedia/public/index.php(37): CodeIgniter\CodeIgniter->run()
#4 {main}
CRITICAL - 2022-06-07 07:00:36 --> Call to undefined function App\Controllers\perform_http_request()
#0 /opt/lampp/htdocs/proyectos/challenge_onmedia/system/CodeIgniter.php(832): App\Controllers\Home->index()
#1 /opt/lampp/htdocs/proyectos/challenge_onmedia/system/CodeIgniter.php(419): CodeIgniter\CodeIgniter->runController(Object(App\Controllers\Home))
#2 /opt/lampp/htdocs/proyectos/challenge_onmedia/system/CodeIgniter.php(326): CodeIgniter\CodeIgniter->handleRequest(NULL, Object(Config\Cache), false)
#3 /opt/lampp/htdocs/proyectos/challenge_onmedia/public/index.php(37): CodeIgniter\CodeIgniter->run()
#4 {main}
CRITICAL - 2022-06-07 07:00:37 --> Call to undefined function App\Controllers\perform_http_request()
#0 /opt/lampp/htdocs/proyectos/challenge_onmedia/system/CodeIgniter.php(832): App\Controllers\Home->index()
#1 /opt/lampp/htdocs/proyectos/challenge_onmedia/system/CodeIgniter.php(419): CodeIgniter\CodeIgniter->runController(Object(App\Controllers\Home))
#2 /opt/lampp/htdocs/proyectos/challenge_onmedia/system/CodeIgniter.php(326): CodeIgniter\CodeIgniter->handleRequest(NULL, Object(Config\Cache), false)
#3 /opt/lampp/htdocs/proyectos/challenge_onmedia/public/index.php(37): CodeIgniter\CodeIgniter->run()
#4 {main}
CRITICAL - 2022-06-07 07:00:37 --> Call to undefined function App\Controllers\perform_http_request()
#0 /opt/lampp/htdocs/proyectos/challenge_onmedia/system/CodeIgniter.php(832): App\Controllers\Home->index()
#1 /opt/lampp/htdocs/proyectos/challenge_onmedia/system/CodeIgniter.php(419): CodeIgniter\CodeIgniter->runController(Object(App\Controllers\Home))
#2 /opt/lampp/htdocs/proyectos/challenge_onmedia/system/CodeIgniter.php(326): CodeIgniter\CodeIgniter->handleRequest(NULL, Object(Config\Cache), false)
#3 /opt/lampp/htdocs/proyectos/challenge_onmedia/public/index.php(37): CodeIgniter\CodeIgniter->run()
#4 {main}
CRITICAL - 2022-06-07 07:00:37 --> Call to undefined function App\Controllers\perform_http_request()
#0 /opt/lampp/htdocs/proyectos/challenge_onmedia/system/CodeIgniter.php(832): App\Controllers\Home->index()
#1 /opt/lampp/htdocs/proyectos/challenge_onmedia/system/CodeIgniter.php(419): CodeIgniter\CodeIgniter->runController(Object(App\Controllers\Home))
#2 /opt/lampp/htdocs/proyectos/challenge_onmedia/system/CodeIgniter.php(326): CodeIgniter\CodeIgniter->handleRequest(NULL, Object(Config\Cache), false)
#3 /opt/lampp/htdocs/proyectos/challenge_onmedia/public/index.php(37): CodeIgniter\CodeIgniter->run()
#4 {main}
CRITICAL - 2022-06-07 07:01:10 --> Call to undefined function App\Controllers\perform_http_request()
#0 /opt/lampp/htdocs/proyectos/challenge_onmedia/system/CodeIgniter.php(832): App\Controllers\Home->index()
#1 /opt/lampp/htdocs/proyectos/challenge_onmedia/system/CodeIgniter.php(419): CodeIgniter\CodeIgniter->runController(Object(App\Controllers\Home))
#2 /opt/lampp/htdocs/proyectos/challenge_onmedia/system/CodeIgniter.php(326): CodeIgniter\CodeIgniter->handleRequest(NULL, Object(Config\Cache), false)
#3 /opt/lampp/htdocs/proyectos/challenge_onmedia/public/index.php(37): CodeIgniter\CodeIgniter->run()
#4 {main}
CRITICAL - 2022-06-07 07:05:51 --> Call to undefined function App\Controllers\perform_http_request()
#0 /opt/lampp/htdocs/proyectos/challenge_onmedia/system/CodeIgniter.php(832): App\Controllers\Home->index()
#1 /opt/lampp/htdocs/proyectos/challenge_onmedia/system/CodeIgniter.php(419): CodeIgniter\CodeIgniter->runController(Object(App\Controllers\Home))
#2 /opt/lampp/htdocs/proyectos/challenge_onmedia/system/CodeIgniter.php(326): CodeIgniter\CodeIgniter->handleRequest(NULL, Object(Config\Cache), false)
#3 /opt/lampp/htdocs/proyectos/challenge_onmedia/public/index.php(37): CodeIgniter\CodeIgniter->run()
#4 {main}
CRITICAL - 2022-06-07 07:06:08 --> syntax error, unexpected '<', expecting end of file
#0 /opt/lampp/htdocs/proyectos/challenge_onmedia/system/Autoloader/Autoloader.php(241): CodeIgniter\Autoloader\Autoloader->includeFile('/opt/lampp/htdo...')
#1 /opt/lampp/htdocs/proyectos/challenge_onmedia/system/Autoloader/Autoloader.php(219): CodeIgniter\Autoloader\Autoloader->loadInNamespace('App\\Controllers...')
#2 [internal function]: CodeIgniter\Autoloader\Autoloader->loadClass('App\\Controllers...')
#3 [internal function]: spl_autoload_call('App\\Controllers...')
#4 /opt/lampp/htdocs/proyectos/challenge_onmedia/system/CodeIgniter.php(797): class_exists('\\App\\Controller...', true)
#5 /opt/lampp/htdocs/proyectos/challenge_onmedia/system/CodeIgniter.php(406): CodeIgniter\CodeIgniter->startController()
#6 /opt/lampp/htdocs/proyectos/challenge_onmedia/system/CodeIgniter.php(326): CodeIgniter\CodeIgniter->handleRequest(NULL, Object(Config\Cache), false)
#7 /opt/lampp/htdocs/proyectos/challenge_onmedia/public/index.php(37): CodeIgniter\CodeIgniter->run()
#8 {main}
CRITICAL - 2022-06-07 07:07:58 --> Call to undefined function App\Controllers\perform_http_request()
#0 /opt/lampp/htdocs/proyectos/challenge_onmedia/system/CodeIgniter.php(832): App\Controllers\Home->index()
#1 /opt/lampp/htdocs/proyectos/challenge_onmedia/system/CodeIgniter.php(419): CodeIgniter\CodeIgniter->runController(Object(App\Controllers\Home))
#2 /opt/lampp/htdocs/proyectos/challenge_onmedia/system/CodeIgniter.php(326): CodeIgniter\CodeIgniter->handleRequest(NULL, Object(Config\Cache), false)
#3 /opt/lampp/htdocs/proyectos/challenge_onmedia/public/index.php(37): CodeIgniter\CodeIgniter->run()
#4 {main}
CRITICAL - 2022-06-07 07:36:48 --> Object of class stdClass could not be converted to string
#0 /opt/lampp/htdocs/proyectos/challenge_onmedia/app/Views/consume_rest_api.php(25): CodeIgniter\Debug\Exceptions->errorHandler(4096, 'Object of class...', '/opt/lampp/htdo...', 25, Array)
#1 /opt/lampp/htdocs/proyectos/challenge_onmedia/system/View/View.php(210): include('/opt/lampp/htdo...')
#2 /opt/lampp/htdocs/proyectos/challenge_onmedia/system/View/View.php(213): CodeIgniter\View\View->CodeIgniter\View\{closure}()
#3 /opt/lampp/htdocs/proyectos/challenge_onmedia/system/Common.php(1089): CodeIgniter\View\View->render('consume_rest_ap...', Array, true)
#4 /opt/lampp/htdocs/proyectos/challenge_onmedia/app/Controllers/Home.php(45): view('consume_rest_ap...', Array)
#5 /opt/lampp/htdocs/proyectos/challenge_onmedia/system/CodeIgniter.php(832): App\Controllers\Home->index()
#6 /opt/lampp/htdocs/proyectos/challenge_onmedia/system/CodeIgniter.php(419): CodeIgniter\CodeIgniter->runController(Object(App\Controllers\Home))
#7 /opt/lampp/htdocs/proyectos/challenge_onmedia/system/CodeIgniter.php(326): CodeIgniter\CodeIgniter->handleRequest(NULL, Object(Config\Cache), false)
#8 /opt/lampp/htdocs/proyectos/challenge_onmedia/public/index.php(37): CodeIgniter\CodeIgniter->run()
#9 {main}
CRITICAL - 2022-06-07 07:38:27 --> Undefined variable: new_user
#0 /opt/lampp/htdocs/proyectos/challenge_onmedia/app/Views/consume_rest_api.php(30): CodeIgniter\Debug\Exceptions->errorHandler(8, 'Undefined varia...', '/opt/lampp/htdo...', 30, Array)
#1 /opt/lampp/htdocs/proyectos/challenge_onmedia/system/View/View.php(210): include('/opt/lampp/htdo...')
#2 /opt/lampp/htdocs/proyectos/challenge_onmedia/system/View/View.php(213): CodeIgniter\View\View->CodeIgniter\View\{closure}()
#3 /opt/lampp/htdocs/proyectos/challenge_onmedia/system/Common.php(1089): CodeIgniter\View\View->render('consume_rest_ap...', Array, true)
#4 /opt/lampp/htdocs/proyectos/challenge_onmedia/app/Controllers/Home.php(48): view('consume_rest_ap...', Array)
#5 /opt/lampp/htdocs/proyectos/challenge_onmedia/system/CodeIgniter.php(832): App\Controllers\Home->index()
#6 /opt/lampp/htdocs/proyectos/challenge_onmedia/system/CodeIgniter.php(419): CodeIgniter\CodeIgniter->runController(Object(App\Controllers\Home))
#7 /opt/lampp/htdocs/proyectos/challenge_onmedia/system/CodeIgniter.php(326): CodeIgniter\CodeIgniter->handleRequest(NULL, Object(Config\Cache), false)
#8 /opt/lampp/htdocs/proyectos/challenge_onmedia/public/index.php(37): CodeIgniter\CodeIgniter->run()
#9 {main}
CRITICAL - 2022-06-07 07:40:43 --> Object of class stdClass could not be converted to string
#0 /opt/lampp/htdocs/proyectos/challenge_onmedia/app/Views/consume_rest_api.php(19): CodeIgniter\Debug\Exceptions->errorHandler(4096, 'Object of class...', '/opt/lampp/htdo...', 19, Array)
#1 /opt/lampp/htdocs/proyectos/challenge_onmedia/system/View/View.php(210): include('/opt/lampp/htdo...')
#2 /opt/lampp/htdocs/proyectos/challenge_onmedia/system/View/View.php(213): CodeIgniter\View\View->CodeIgniter\View\{closure}()
#3 /opt/lampp/htdocs/proyectos/challenge_onmedia/system/Common.php(1089): CodeIgniter\View\View->render('consume_rest_ap...', Array, true)
#4 /opt/lampp/htdocs/proyectos/challenge_onmedia/app/Controllers/Home.php(45): view('consume_rest_ap...', Array)
#5 /opt/lampp/htdocs/proyectos/challenge_onmedia/system/CodeIgniter.php(832): App\Controllers\Home->index()
#6 /opt/lampp/htdocs/proyectos/challenge_onmedia/system/CodeIgniter.php(419): CodeIgniter\CodeIgniter->runController(Object(App\Controllers\Home))
#7 /opt/lampp/htdocs/proyectos/challenge_onmedia/system/CodeIgniter.php(326): CodeIgniter\CodeIgniter->handleRequest(NULL, Object(Config\Cache), false)
#8 /opt/lampp/htdocs/proyectos/challenge_onmedia/public/index.php(37): CodeIgniter\CodeIgniter->run()
#9 {main}
CRITICAL - 2022-06-07 07:58:11 --> Undefined variable: response
#0 /opt/lampp/htdocs/proyectos/challenge_onmedia/app/Controllers/Home.php(15): CodeIgniter\Debug\Exceptions->errorHandler(8, 'Undefined varia...', '/opt/lampp/htdo...', 15, Array)
#1 /opt/lampp/htdocs/proyectos/challenge_onmedia/system/CodeIgniter.php(832): App\Controllers\Home->index()
#2 /opt/lampp/htdocs/proyectos/challenge_onmedia/system/CodeIgniter.php(419): CodeIgniter\CodeIgniter->runController(Object(App\Controllers\Home))
#3 /opt/lampp/htdocs/proyectos/challenge_onmedia/system/CodeIgniter.php(326): CodeIgniter\CodeIgniter->handleRequest(NULL, Object(Config\Cache), false)
#4 /opt/lampp/htdocs/proyectos/challenge_onmedia/public/index.php(37): CodeIgniter\CodeIgniter->run()
#5 {main}
