CRITICAL - 2022-06-09 08:25:35 --> Undefined index: page
#0 /opt/lampp/htdocs/proyectos/challenge_onmedia/app/Controllers/Home.php(13): CodeIgniter\Debug\Exceptions->errorHandler()
#1 /opt/lampp/htdocs/proyectos/challenge_onmedia/system/CodeIgniter.php(832): App\Controllers\Home->index()
#2 /opt/lampp/htdocs/proyectos/challenge_onmedia/system/CodeIgniter.php(419): CodeIgniter\CodeIgniter->runController()
#3 /opt/lampp/htdocs/proyectos/challenge_onmedia/system/CodeIgniter.php(326): CodeIgniter\CodeIgniter->handleRequest()
#4 /opt/lampp/htdocs/proyectos/challenge_onmedia/public/index.php(37): CodeIgniter\CodeIgniter->run()
#5 /opt/lampp/htdocs/proyectos/challenge_onmedia/system/Commands/Server/rewrite.php(43): require_once('/opt/lampp/htdo...')
#6 {main}
CRITICAL - 2022-06-09 08:46:59 --> Undefined variable: prev
#0 /opt/lampp/htdocs/proyectos/challenge_onmedia/app/Controllers/Home.php(29): CodeIgniter\Debug\Exceptions->errorHandler()
#1 /opt/lampp/htdocs/proyectos/challenge_onmedia/system/CodeIgniter.php(832): App\Controllers\Home->index()
#2 /opt/lampp/htdocs/proyectos/challenge_onmedia/system/CodeIgniter.php(419): CodeIgniter\CodeIgniter->runController()
#3 /opt/lampp/htdocs/proyectos/challenge_onmedia/system/CodeIgniter.php(326): CodeIgniter\CodeIgniter->handleRequest()
#4 /opt/lampp/htdocs/proyectos/challenge_onmedia/public/index.php(37): CodeIgniter\CodeIgniter->run()
#5 /opt/lampp/htdocs/proyectos/challenge_onmedia/system/Commands/Server/rewrite.php(43): require_once('/opt/lampp/htdo...')
#6 {main}
CRITICAL - 2022-06-09 08:47:11 --> Undefined variable: prev
#0 /opt/lampp/htdocs/proyectos/challenge_onmedia/app/Controllers/Home.php(29): CodeIgniter\Debug\Exceptions->errorHandler()
#1 /opt/lampp/htdocs/proyectos/challenge_onmedia/system/CodeIgniter.php(832): App\Controllers\Home->index()
#2 /opt/lampp/htdocs/proyectos/challenge_onmedia/system/CodeIgniter.php(419): CodeIgniter\CodeIgniter->runController()
#3 /opt/lampp/htdocs/proyectos/challenge_onmedia/system/CodeIgniter.php(326): CodeIgniter\CodeIgniter->handleRequest()
#4 /opt/lampp/htdocs/proyectos/challenge_onmedia/public/index.php(37): CodeIgniter\CodeIgniter->run()
#5 /opt/lampp/htdocs/proyectos/challenge_onmedia/system/Commands/Server/rewrite.php(43): require_once('/opt/lampp/htdo...')
#6 {main}
CRITICAL - 2022-06-09 11:35:37 --> syntax error, unexpected '' class='' (T_CONSTANT_ENCAPSED_STRING)
#0 /opt/lampp/htdocs/proyectos/challenge_onmedia/system/View/View.php(213): CodeIgniter\View\View->CodeIgniter\View\{closure}()
#1 /opt/lampp/htdocs/proyectos/challenge_onmedia/system/Common.php(1089): CodeIgniter\View\View->render()
#2 /opt/lampp/htdocs/proyectos/challenge_onmedia/app/Controllers/Home.php(51): view()
#3 /opt/lampp/htdocs/proyectos/challenge_onmedia/system/CodeIgniter.php(832): App\Controllers\Home->index()
#4 /opt/lampp/htdocs/proyectos/challenge_onmedia/system/CodeIgniter.php(419): CodeIgniter\CodeIgniter->runController()
#5 /opt/lampp/htdocs/proyectos/challenge_onmedia/system/CodeIgniter.php(326): CodeIgniter\CodeIgniter->handleRequest()
#6 /opt/lampp/htdocs/proyectos/challenge_onmedia/public/index.php(37): CodeIgniter\CodeIgniter->run()
#7 /opt/lampp/htdocs/proyectos/challenge_onmedia/system/Commands/Server/rewrite.php(43): require_once('/opt/lampp/htdo...')
#8 {main}
